<?xml version="1.0" encoding="UTF-8"?>
<!-- Generated by org.testng.reporters.JUnitXMLReporter -->
<testsuite ignored="0" hostname="Hanishs-MacBook-Air.local" failures="1" tests="3" name="ErrorValidations" time="32.252" errors="0" timestamp="2024-07-08T15:12:17 IST">
  <testcase classname="pallavi.com.SeleniumFramework.tests.ErrorValidationsTest" name="LoginPageErrorValidation" time="3.073">
    <skipped/>
  </testcase> <!-- LoginPageErrorValidation -->
  <testcase classname="pallavi.com.SeleniumFramework.tests.ErrorValidationsTest" name="LoginPageErrorValidation" time="0.936">
    <failure type="java.lang.AssertionError" message="expected [Incorrect email or password.] but found [Incorect email or password.]">
      <![CDATA[java.lang.AssertionError: expected [Incorrect email or password.] but found [Incorect email or password.]
at pallavi.com.SeleniumFramework.tests.ErrorValidationsTest.LoginPageErrorValidation(ErrorValidationsTest.java:34)
at java.base/java.util.ArrayList.forEach(ArrayList.java:1511)
at java.base/java.util.concurrent.FutureTask.run(FutureTask.java:264)
at java.base/java.util.concurrent.ThreadPoolExecutor.runWorker(ThreadPoolExecutor.java:1136)
at java.base/java.util.concurrent.ThreadPoolExecutor$Worker.run(ThreadPoolExecutor.java:635)
at java.base/java.lang.Thread.run(Thread.java:833)
... Removed 23 stack frames]]>
    </failure>
  </testcase> <!-- LoginPageErrorValidation -->
  <testcase classname="pallavi.com.SeleniumFramework.tests.ErrorValidationsTest" name="ProductNameErrorValidation" time="14.12"/>
</testsuite> <!-- ErrorValidations -->
