<!DOCTYPE html PUBLIC "-//W3C//DTD XHTML 1.1//EN" "https://www.w3.org/TR/xhtml11/DTD/xhtml11.dtd">
<html xmlns="https://www.w3.org/1999/xhtml">
<head>
<meta http-equiv="content-type" content="text/html; charset=UTF-8"/>
<title>TestNG Report</title>
<style type="text/css">table {margin-bottom:10px;border-collapse:collapse;empty-cells:show}th,td {border:1px solid #009;padding:.25em .5em}th {vertical-align:bottom}td {vertical-align:top}table a {font-weight:bold}.stripe td {background-color: #E6EBF9}.num {text-align:right}.passedodd td {background-color: #3F3}.passedeven td {background-color: #0A0}.skippedodd td {background-color: #DDD}.skippedeven td {background-color: #CCC}.failedodd td,.attn {background-color: #F33}.failedeven td,.stripe .attn {background-color: #D00}.stacktrace {white-space:pre;font-family:monospace}.totop {font-size:85%;text-align:center;border-bottom:2px solid #000}.invisible {display:none}</style>
</head>
<body>
<table>
<tr><th>Test</th><th># Passed</th><th># Skipped</th><th># Retried</th><th># Failed</th><th>Time (ms)</th><th>Included Groups</th><th>Excluded Groups</th></tr>
<tr><th colspan="8">Suite</th></tr>
<tr><td><a href="#t0">Products</a></td><td class="num">1</td><td class="num attn">1</td><td class="num">0</td><td class="num attn">1</td><td class="num">28,737</td><td></td><td></td></tr>
<tr class="stripe"><td><a href="#t1">ErrorValidations</a></td><td class="num">1</td><td class="num">0</td><td class="num attn">1</td><td class="num attn">1</td><td class="num">32,252</td><td></td><td></td></tr>
<tr><th>Total</th><th class="num">2</th><th class="num attn">1</th><th class="num attn">1</th><th class="num attn">2</th><th class="num">60,989</th><th colspan="2"></th></tr>
</table>
<table id='summary'><thead><tr><th>Class</th><th>Method</th><th>Start</th><th>Time (ms)</th></tr></thead><tbody><tr><th colspan="4">Suite</th></tr></tbody><tbody id="t0"><tr><th colspan="4">Products &#8212; failed</th></tr><tr class="failedeven"><td rowspan="1">pallavi.com.SeleniumFramework.tests.ProductsTest</td><td><a href="#m0">SubmitOrder</a></td><td rowspan="1">1720431705626</td><td rowspan="1">3033</td></tr><tr><th colspan="4">Products &#8212; skipped</th></tr><tr class="skippedeven"><td rowspan="1">pallavi.com.SeleniumFramework.tests.ProductsTest</td><td><a href="#m1">OrdersPageVerification</a></td><td rowspan="1">1720431728457</td><td rowspan="1">0</td></tr><tr><th colspan="4">Products &#8212; passed</th></tr><tr class="passedeven"><td rowspan="1">pallavi.com.SeleniumFramework.tests.ProductsTest</td><td><a href="#m2">SubmitOrder</a></td><td rowspan="1">1720431713435</td><td rowspan="1">14877</td></tr></tbody>
<tbody id="t1"><tr><th colspan="4">ErrorValidations &#8212; failed</th></tr><tr class="failedeven"><td rowspan="1">pallavi.com.SeleniumFramework.tests.ErrorValidationsTest</td><td><a href="#m3">LoginPageErrorValidation</a></td><td rowspan="1">1720431712163</td><td rowspan="1">936</td></tr><tr><th colspan="4">ErrorValidations &#8212; retried</th></tr><tr class="retriedeven"><td rowspan="1">pallavi.com.SeleniumFramework.tests.ErrorValidationsTest</td><td><a href="#m4">LoginPageErrorValidation</a></td><td rowspan="1">1720431703995</td><td rowspan="1">3073</td></tr><tr><th colspan="4">ErrorValidations &#8212; passed</th></tr><tr class="passedeven"><td rowspan="1">pallavi.com.SeleniumFramework.tests.ErrorValidationsTest</td><td><a href="#m5">ProductNameErrorValidation</a></td><td rowspan="1">1720431717684</td><td rowspan="1">14120</td></tr></tbody>
</table>
<h2>Products</h2><h3 id="m0">pallavi.com.SeleniumFramework.tests.ProductsTest#SubmitOrder</h3><table class="result"><tr class="param"><th>Parameter #1</th></tr><tr class="param stripe"><td>{ProductName=ZARA COAT 3, username=pallavihanish@gmail.com, Password=Pallavi@123}</td></tr><tr><th>Exception</th></tr><tr><td><div class="stacktrace">org.openqa.selenium.ElementClickInterceptedException: element click intercepted: Element &lt;button _ngcontent-uae-c33=&quot;&quot; routerlink=&quot;/dashboard/cart&quot; class=&quot;btn btn-custom&quot; style=&quot;margin-top: -10px;&quot; tabindex=&quot;0&quot;&gt;...&lt;/button&gt; is not clickable at point (1151, 26). Other element would receive the click: &lt;div _ngcontent-uae-c31=&quot;&quot; class=&quot;ngx-spinner-overlay ng-tns-c31-1 ng-trigger ng-trigger-fadeIn ng-star-inserted ng-animating&quot; style=&quot;background-color: rgba(51, 51, 51, 0.8); z-index: 99999; position: fixed;&quot;&gt;...&lt;/div&gt;
  (Session info: MicrosoftEdge=126.0.2592.87)
Build info: version: &apos;4.21.0&apos;, revision: &apos;79ed462ef4&apos;
System info: os.name: &apos;Mac OS X&apos;, os.arch: &apos;x86_64&apos;, os.version: &apos;10.15.7&apos;, java.version: &apos;17.0.7&apos;
Driver info: org.openqa.selenium.edge.EdgeDriver
Command: [6ebc413d6bcded820a67970715b573b5, clickElement {id=f.3447195BE7C3CEA644F1D260E636BC4F.d.E203263958492CC7318B2FC474D3889C.e.90}]
Capabilities {acceptInsecureCerts: false, browserName: MicrosoftEdge, browserVersion: 126.0.2592.87, fedcm:accounts: true, ms:edgeOptions: {debuggerAddress: localhost:52288}, msedge: {msedgedriverVersion: 126.0.2592.87 (883b9421f9ba..., userDataDir: /var/folders/41/8wqfx_b15rd...}, networkConnectionEnabled: false, pageLoadStrategy: normal, platformName: mac, proxy: Proxy(), se:cdp: ws://localhost:52288/devtoo..., se:cdpVersion: 126.0.2592.87, setWindowRect: true, strictFileInteractability: false, timeouts: {implicit: 0, pageLoad: 300000, script: 30000}, unhandledPromptBehavior: dismiss and notify, webauthn:extension:credBlob: true, webauthn:extension:largeBlob: true, webauthn:extension:minPinLength: true, webauthn:extension:prf: true, webauthn:virtualAuthenticators: true}
Element: [[EdgeDriver: MicrosoftEdge on mac (6ebc413d6bcded820a67970715b573b5)] -&gt; css selector: [routerlink*=&apos;cart&apos;]]
Session ID: 6ebc413d6bcded820a67970715b573b5
	at org.openqa.selenium.remote.ErrorCodec.decode(ErrorCodec.java:167)
	at org.openqa.selenium.remote.codec.w3c.W3CHttpResponseCodec.decode(W3CHttpResponseCodec.java:138)
	at org.openqa.selenium.remote.codec.w3c.W3CHttpResponseCodec.decode(W3CHttpResponseCodec.java:50)
	at org.openqa.selenium.remote.HttpCommandExecutor.execute(HttpCommandExecutor.java:190)
	at org.openqa.selenium.remote.service.DriverCommandExecutor.invokeExecute(DriverCommandExecutor.java:216)
	at org.openqa.selenium.remote.service.DriverCommandExecutor.execute(DriverCommandExecutor.java:174)
	at org.openqa.selenium.remote.RemoteWebDriver.execute(RemoteWebDriver.java:518)
	at org.openqa.selenium.remote.RemoteWebElement.execute(RemoteWebElement.java:223)
	at org.openqa.selenium.remote.RemoteWebElement.click(RemoteWebElement.java:76)
	at org.openqa.selenium.support.pagefactory.internal.LocatingElementHandler.invoke(LocatingElementHandler.java:51)
	at jdk.proxy2/jdk.proxy2.$Proxy16.click(Unknown Source)
	at pallavi.com.SeleniumFramework.AbstractComponents.AbstractComponent.ClickingOnCart(AbstractComponent.java:52)
	at pallavi.com.SeleniumFramework.tests.ProductsTest.SubmitOrder(ProductsTest.java:46)
	at java.base/java.util.ArrayList.forEach(ArrayList.java:1511)
	at java.base/java.util.concurrent.FutureTask.run(FutureTask.java:264)
	at java.base/java.util.concurrent.ThreadPoolExecutor.runWorker(ThreadPoolExecutor.java:1136)
	at java.base/java.util.concurrent.ThreadPoolExecutor$Worker.run(ThreadPoolExecutor.java:635)
	at java.base/java.lang.Thread.run(Thread.java:833)
... Removed 26 stack frames</div></td></tr></table><p class="totop"><a href="#summary">back to summary</a></p>
<h3 id="m1">pallavi.com.SeleniumFramework.tests.ProductsTest#OrdersPageVerification</h3><table class="result"><tr><th>Exception</th></tr><tr><td><div class="stacktrace">java.lang.Throwable: Method pallavi.com.SeleniumFramework.tests.ProductsTest.OrdersPageVerification() on instance pallavi.com.SeleniumFramework.tests.ProductsTest@dbd8e44 depends on not successfully finished methods 
[pallavi.com.SeleniumFramework.tests.ProductsTest.SubmitOrder() on instance pallavi.com.SeleniumFramework.tests.ProductsTest@dbd8e44]
	at java.base/java.util.ArrayList.forEach(ArrayList.java:1511)
	at java.base/java.util.concurrent.FutureTask.run(FutureTask.java:264)
	at java.base/java.util.concurrent.ThreadPoolExecutor.runWorker(ThreadPoolExecutor.java:1136)
	at java.base/java.util.concurrent.ThreadPoolExecutor$Worker.run(ThreadPoolExecutor.java:635)
	at java.base/java.lang.Thread.run(Thread.java:833)
... Removed 8 stack frames</div></td></tr></table><p class="totop"><a href="#summary">back to summary</a></p>
<h3 id="m2">pallavi.com.SeleniumFramework.tests.ProductsTest#SubmitOrder</h3><table class="result"><tr class="param"><th>Parameter #1</th></tr><tr class="param stripe"><td>{ProductName=ADIDAS ORIGINAL, username=hanish@gmail.com, Password=Hanish@1234}</td></tr></table><p class="totop"><a href="#summary">back to summary</a></p>
<h2>ErrorValidations</h2><h3 id="m3">pallavi.com.SeleniumFramework.tests.ErrorValidationsTest#LoginPageErrorValidation</h3><table class="result"><tr><th>Exception</th></tr><tr><td><div class="stacktrace">java.lang.AssertionError: expected [Incorrect email or password.] but found [Incorect email or password.]
	at pallavi.com.SeleniumFramework.tests.ErrorValidationsTest.LoginPageErrorValidation(ErrorValidationsTest.java:34)
	at java.base/java.util.ArrayList.forEach(ArrayList.java:1511)
	at java.base/java.util.concurrent.FutureTask.run(FutureTask.java:264)
	at java.base/java.util.concurrent.ThreadPoolExecutor.runWorker(ThreadPoolExecutor.java:1136)
	at java.base/java.util.concurrent.ThreadPoolExecutor$Worker.run(ThreadPoolExecutor.java:635)
	at java.base/java.lang.Thread.run(Thread.java:833)
... Removed 23 stack frames</div></td></tr></table><p class="totop"><a href="#summary">back to summary</a></p>
<h3 id="m4">pallavi.com.SeleniumFramework.tests.ErrorValidationsTest#LoginPageErrorValidation</h3><table class="result"><tr><th>Exception</th></tr><tr><td><div class="stacktrace">java.lang.AssertionError: expected [Incorrect email or password.] but found [Incorect email or password.]
	at pallavi.com.SeleniumFramework.tests.ErrorValidationsTest.LoginPageErrorValidation(ErrorValidationsTest.java:34)
	at java.base/java.util.ArrayList.forEach(ArrayList.java:1511)
	at java.base/java.util.concurrent.FutureTask.run(FutureTask.java:264)
	at java.base/java.util.concurrent.ThreadPoolExecutor.runWorker(ThreadPoolExecutor.java:1136)
	at java.base/java.util.concurrent.ThreadPoolExecutor$Worker.run(ThreadPoolExecutor.java:635)
	at java.base/java.lang.Thread.run(Thread.java:833)
... Removed 23 stack frames</div></td></tr></table><p class="totop"><a href="#summary">back to summary</a></p>
<h3 id="m5">pallavi.com.SeleniumFramework.tests.ErrorValidationsTest#ProductNameErrorValidation</h3><table class="result"><tr><th class="invisible"/></tr></table><p class="totop"><a href="#summary">back to summary</a></p>
</body>
</html>
